Build started 3/23/2017 3:48:20 PM.
     1>Project "E:\Licenta\Licenta001\Licenta001.vcxproj" on node 2 (Build target(s)).
     1>ClCompile:
         C:\Program Files (x86)\Microsoft Visual Studio 12.0\VC\bin\x86_amd64\CL.exe /c /I"C:\Program Files\Microsoft SDKs\Kinect\v1.8\inc" /I"C:\Program Files\opencv\build\x64\vc12\..\..\include" /Zi /nologo /W3 /WX- /Od /D WIN32 /D _DEBUG /D _CONSOLE /D _UNICODE /D UNICODE /Gm /EHsc /RTC1 /MDd /GS /fp:precise /Zc:wchar_t /Zc:forScope /Fo"x64\Debug\\" /Fd"x64\Debug\vc120.pdb" /Gd /TP /errorReport:prompt Calibration.cpp
         Calibration.cpp
     1>Calibration.cpp(197): warning C4244: 'argument' : conversion from 'float' to 'int', possible loss of data
     1>Calibration.cpp(198): warning C4244: 'initializing' : conversion from 'float' to 'int', possible loss of data
     1>Calibration.cpp(200): warning C4244: '=' : conversion from 'float' to 'int', possible loss of data
     1>Calibration.cpp(201): warning C4244: '=' : conversion from 'float' to 'int', possible loss of data
     1>Calibration.cpp(227): warning C4244: 'argument' : conversion from 'int' to 'float', possible loss of data
     1>Calibration.cpp(166): warning C4101: 'noComp' : unreferenced local variable
     1>Calibration.cpp(633): warning C4244: 'initializing' : conversion from 'float' to 'int', possible loss of data
     1>Calibration.cpp(634): warning C4244: 'initializing' : conversion from 'float' to 'int', possible loss of data
     1>Calibration.cpp(636): warning C4244: '=' : conversion from 'int' to 'float', possible loss of data
     1>Calibration.cpp(637): warning C4244: '=' : conversion from 'int' to 'float', possible loss of data
     1>Calibration.cpp(753): warning C4244: '=' : conversion from 'double' to 'float', possible loss of data
     1>Calibration.cpp(829): warning C4244: 'argument' : conversion from 'float' to 'int', possible loss of data
     1>Calibration.cpp(962): warning C4244: '=' : conversion from 'double' to 'float', possible loss of data
       Link:
         C:\Program Files (x86)\Microsoft Visual Studio 12.0\VC\bin\x86_amd64\link.exe /ERRORREPORT:PROMPT /OUT:"E:\Licenta\Licenta001\x64\Debug\Licenta001.exe" /INCREMENTAL /NOLOGO /LIBPATH:"C:\Program Files\Microsoft SDKs\Kinect\v1.8\lib\amd64\\" /LIBPATH:"C:\Program Files\opencv\build\x64\vc12\lib" Kinect10.lib kernel32.lib user32.lib gdi32.lib winspool.lib comdlg32.lib advapi32.lib shell32.lib ole32.lib oleaut32.lib uuid.lib odbc32.lib odbccp32.lib opencv_world310.lib kernel32.lib user32.lib gdi32.lib winspool.lib comdlg32.lib advapi32.lib shell32.lib ole32.lib oleaut32.lib uuid.lib odbc32.lib odbccp32.lib /MANIFEST /MANIFESTUAC:"level='asInvoker' uiAccess='false'" /manifest:embed /DEBUG /PDB:"E:\Licenta\Licenta001\x64\Debug\Licenta001.pdb" /SUBSYSTEM:CONSOLE /TLBID:1 /DYNAMICBASE /NXCOMPAT /IMPLIB:"E:\Licenta\Licenta001\x64\Debug\Licenta001.lib" /MACHINE:X64 x64\Debug\Aquisition.obj
         x64\Debug\Calibration.obj
         x64\Debug\DepthMap.obj
         x64\Debug\main.obj
         Licenta001.vcxproj -> E:\Licenta\Licenta001\x64\Debug\Licenta001.exe
     1>Done Building Project "E:\Licenta\Licenta001\Licenta001.vcxproj" (Build target(s)).

Build succeeded.

Time Elapsed 00:00:05.85
